[debug] [2021-05-08T05:20:59.643Z] ----------------------------------------------------------------------
[debug] [2021-05-08T05:20:59.645Z] Command:       /usr/local/bin/node /usr/local/bin/firebase deploy
[debug] [2021-05-08T05:20:59.645Z] CLI Version:   9.10.2
[debug] [2021-05-08T05:20:59.645Z] Platform:      darwin
[debug] [2021-05-08T05:20:59.646Z] Node Version:  v14.16.0
[debug] [2021-05-08T05:20:59.646Z] Time:          Sat May 08 2021 13:20:59 GMT+0800 (Hong Kong Standard Time)
[debug] [2021-05-08T05:20:59.647Z] ----------------------------------------------------------------------
[debug] 
[debug] [2021-05-08T05:20:59.653Z] > command requires scopes: ["email","openid","https://www.googleapis.com/auth/cloudplatformprojects.readonly","https://www.googleapis.com/auth/firebase","https://www.googleapis.com/auth/cloud-platform"]
[debug] [2021-05-08T05:20:59.653Z] > authorizing via signed-in user (leo.wong@leowong.co)
[debug] [2021-05-08T05:20:59.653Z] [iam] checking project hk-train-display for permissions ["firebase.projects.get","firebasehosting.sites.update"]
[debug] [2021-05-08T05:20:59.655Z] >>> HTTP REQUEST POST https://cloudresourcemanager.googleapis.com/v1/projects/hk-train-display:testIamPermissions  
 {"permissions":["firebase.projects.get","firebasehosting.sites.update"]}
[debug] [2021-05-08T05:21:00.553Z] <<< HTTP RESPONSE 200 {"content-type":"application/json; charset=UTF-8","vary":"X-Origin, Referer, Origin,Accept-Encoding","date":"Sat, 08 May 2021 05:21:00 GMT","server":"ESF","cache-control":"private","x-xss-protection":"0","x-frame-options":"SAMEORIGIN","x-content-type-options":"nosniff","server-timing":"gfet4t7; dur=824","alt-svc":"h3-29=\":443\"; ma=2592000,h3-T051=\":443\"; ma=2592000,h3-Q050=\":443\"; ma=2592000,h3-Q046=\":443\"; ma=2592000,h3-Q043=\":443\"; ma=2592000,quic=\":443\"; ma=2592000; v=\"46,43\"","accept-ranges":"none","transfer-encoding":"chunked"}
[debug] [2021-05-08T05:21:00.555Z] > refreshing access token with scopes: []
[debug] [2021-05-08T05:21:00.555Z] >>> HTTP REQUEST POST https://www.googleapis.com/oauth2/v3/token  
 <request body omitted>
[debug] [2021-05-08T05:21:00.679Z] <<< HTTP RESPONSE 200 {"cache-control":"no-cache, no-store, max-age=0, must-revalidate","pragma":"no-cache","expires":"Mon, 01 Jan 1990 00:00:00 GMT","date":"Sat, 08 May 2021 05:21:00 GMT","content-type":"application/json; charset=utf-8","vary":"X-Origin, Referer, Origin,Accept-Encoding","server":"scaffolding on HTTPServer2","x-xss-protection":"0","x-frame-options":"SAMEORIGIN","x-content-type-options":"nosniff","alt-svc":"h3-29=\":443\"; ma=2592000,h3-T051=\":443\"; ma=2592000,h3-Q050=\":443\"; ma=2592000,h3-Q046=\":443\"; ma=2592000,h3-Q043=\":443\"; ma=2592000,quic=\":443\"; ma=2592000; v=\"46,43\"","accept-ranges":"none","transfer-encoding":"chunked"}
[debug] [2021-05-08T05:21:00.765Z] >>> [apiv2][query] GET https://firebase.googleapis.com/v1beta1/projects/hk-train-display [none]
[debug] [2021-05-08T05:21:01.360Z] <<< [apiv2][status] GET https://firebase.googleapis.com/v1beta1/projects/hk-train-display 200
[debug] [2021-05-08T05:21:01.361Z] <<< [apiv2][body] GET https://firebase.googleapis.com/v1beta1/projects/hk-train-display {"projectId":"hk-train-display","projectNumber":"540263952826","displayName":"hk-train-display","name":"projects/hk-train-display","resources":{"hostingSite":"hk-train-display"},"state":"ACTIVE"}
[info] 
[info] === Deploying to 'hk-train-display'...
[info] 
[info] i  deploying hosting 
[debug] [2021-05-08T05:21:01.364Z] > refreshing access token with scopes: ["email","https://www.googleapis.com/auth/cloud-platform","https://www.googleapis.com/auth/cloudplatformprojects.readonly","https://www.googleapis.com/auth/firebase","openid"]
[debug] [2021-05-08T05:21:01.364Z] >>> HTTP REQUEST POST https://www.googleapis.com/oauth2/v3/token  
 <request body omitted>
[debug] [2021-05-08T05:21:01.446Z] <<< HTTP RESPONSE 200 {"pragma":"no-cache","date":"Sat, 08 May 2021 05:21:01 GMT","cache-control":"no-cache, no-store, max-age=0, must-revalidate","expires":"Mon, 01 Jan 1990 00:00:00 GMT","content-type":"application/json; charset=utf-8","vary":"X-Origin, Referer, Origin,Accept-Encoding","server":"scaffolding on HTTPServer2","x-xss-protection":"0","x-frame-options":"SAMEORIGIN","x-content-type-options":"nosniff","alt-svc":"h3-29=\":443\"; ma=2592000,h3-T051=\":443\"; ma=2592000,h3-Q050=\":443\"; ma=2592000,h3-Q046=\":443\"; ma=2592000,h3-Q043=\":443\"; ma=2592000,quic=\":443\"; ma=2592000; v=\"46,43\"","accept-ranges":"none","transfer-encoding":"chunked"}
[debug] [2021-05-08T05:21:01.498Z] >>> HTTP REQUEST POST https://firebasehosting.googleapis.com/v1beta1/sites/hk-train-display/versions  
 {"config":{"rewrites":[{"glob":"**","path":"/index.html"}]},"labels":{"deployment-tool":"cli-firebase"}}
[debug] [2021-05-08T05:21:02.825Z] <<< HTTP RESPONSE 200 {"content-type":"application/json; charset=UTF-8","vary":"X-Origin, Referer, Origin,Accept-Encoding","date":"Sat, 08 May 2021 05:21:02 GMT","server":"ESF","cache-control":"private","x-xss-protection":"0","x-frame-options":"SAMEORIGIN","x-content-type-options":"nosniff","alt-svc":"h3-29=\":443\"; ma=2592000,h3-T051=\":443\"; ma=2592000,h3-Q050=\":443\"; ma=2592000,h3-Q046=\":443\"; ma=2592000,h3-Q043=\":443\"; ma=2592000,quic=\":443\"; ma=2592000; v=\"46,43\"","accept-ranges":"none","transfer-encoding":"chunked"}
[info] i  hosting[hk-train-display]: beginning deploy... 
[info] i  hosting[hk-train-display]: found 19 files in build 
[debug] [2021-05-08T05:21:02.990Z] > refreshing access token with scopes: []
[debug] [2021-05-08T05:21:02.990Z] >>> HTTP REQUEST POST https://www.googleapis.com/oauth2/v3/token  
 <request body omitted>
[debug] [2021-05-08T05:21:02.992Z] [hosting] hash cache [YnVpbGQ] stored for 19 files
[debug] [2021-05-08T05:21:02.992Z] [hosting][hash queue][FINAL] {"max":151,"min":8,"avg":16.789473684210527,"active":0,"complete":19,"success":19,"errored":0,"retried":0,"total":19,"elapsed":156}
[debug] [2021-05-08T05:21:03.079Z] <<< HTTP RESPONSE 200 {"pragma":"no-cache","expires":"Mon, 01 Jan 1990 00:00:00 GMT","date":"Sat, 08 May 2021 05:21:03 GMT","cache-control":"no-cache, no-store, max-age=0, must-revalidate","content-type":"application/json; charset=utf-8","vary":"X-Origin, Referer, Origin,Accept-Encoding","server":"scaffolding on HTTPServer2","x-xss-protection":"0","x-frame-options":"SAMEORIGIN","x-content-type-options":"nosniff","alt-svc":"h3-29=\":443\"; ma=2592000,h3-T051=\":443\"; ma=2592000,h3-Q050=\":443\"; ma=2592000,h3-Q046=\":443\"; ma=2592000,h3-Q043=\":443\"; ma=2592000,quic=\":443\"; ma=2592000; v=\"46,43\"","accept-ranges":"none","transfer-encoding":"chunked"}
[debug] [2021-05-08T05:21:03.135Z] >>> [apiv2][query] POST https://firebasehosting.googleapis.com/v1beta1/sites/hk-train-display/versions/7bdb1a2b9c506e0a:populateFiles [none]
[debug] [2021-05-08T05:21:03.135Z] >>> [apiv2][body] POST https://firebasehosting.googleapis.com/v1beta1/sites/hk-train-display/versions/7bdb1a2b9c506e0a:populateFiles {"files":{"/asset-manifest.json":"bf343aefd8fd3a6743592efc32e54fdb87dff159d77a20a1b9c023e77d7258ec","/favicon.ico":"b72f7455f00e4e58792d2bca892abb068e2213838c0316d6b7a0d6d16acd1955","/index.html":"7fd664c71d93efc776d2daee1d43a674064043ad66374181a44a49ee8829a666","/manifest.json":"341d52628782f8ac9290bbfc43298afccb47b7cbfcee146ae30cf0f46bc30900","/logo192.png":"caff018b7f1e8fd481eb1c50d75b0ef236bcd5078b1d15c8bb348453fee30293","/robots.txt":"391d14b3c2f8c9143a27a28c7399585142228d4d1bdbe2c87ac946de411fa9a2","/logo512.png":"191fc21360b4ccfb1cda11a1efb97f489ed22672ca83f4064316802bbfdd750e","/static/css/main.96f0663d.chunk.css":"30b088b5c4442c3eb8983ebf8fe8715a054b4ccd7e04a3789ddaa63a3e7c0960","/static/js/2.b778023f.chunk.js.LICENSE.txt":"367a6448bb5c0a0a1519c47a65cb88ecf6ae0d3a65b49a1ebea78ae5ee62a87f","/static/css/main.96f0663d.chunk.css.map":"569a332ff7a209e29989f37ee75364e86b653f6a6d431fa33ba4e7675dd7664a","/static/js/3.00ed92e1.chunk.js":"95c24c60c325c4c24ff0a01023e7853bcb3b89f8cbc429097c924348abd62f23","/static/js/3.00ed92e1.chunk.js.map":"b9770106f0278d07a5f291f24b34bf89fb5324dd061b8d03cc48691acb903832","/static/js/main.f823b13f.chunk.js":"39b92652d3068b3f93209575cad8d271c8bd347b7896e342a86d1b81e8549cef","/static/js/runtime-main.fb76a627.js":"93edf26224cd67a5432fbbc6333d3c06e969dfe0cad7614627fdee14edb57561","/static/js/runtime-main.fb76a627.js.map":"d9df282c625df2673eb7e7119e6590b6eb205f6c3cfa423c83fe7b18c64a68dd","/static/media/LR_old.aaa4919c.png":"5c62d25803a7eeb22129dd6f0fe2b0074c22f52ddef98f0051f452dd3c38386e","/static/js/main.f823b13f.chunk.js.map":"6c5dd03a9ac100d422c0dd57f34717be83d892508d3cc2cd21f1036e78b615e2","/static/js/2.b778023f.chunk.js":"4dddfba8de2bc314a5e8de7c94e760ceec566ac3734b3bd5b5ea7e541f55b020","/static/js/2.b778023f.chunk.js.map":"9ad325b163454211d7b5ee46dbe537dd282786ef7c000542a1102bfe0715c61c"}}
